Database Load!
[SalesOrder, SalesPart, partNum, arrivalDate, dueDate]
[Part, Product, opNo, Operation, AdoptRes, costMin, NeedPart, partNum]
[ResourceGroup, Resource]
[SalesOrder, SalesPart, partNum, arrivalDate, dueDate]
[[SO-1, SO-3, SO-10, SO-9], [TOURING-1, MTB-1, CYCLOCROSS-1, ROAD-1], [5.0, 15.0, 20.0, 25.0], [2000-01-01 , 2000-01-01 , 2000-01-01, 2000-01-01], [2000-01-14, 2000-01-14, 2000-01-13, 2000-01-13]]
[Part, Product, opNo, Operation, AdoptRes, costMin, NeedPart, partNum]
[[CROSSFRAME-1, CROSSFRAME-1, CROSSFRAME-1, TOURFRAME-1, TOURFRAME-1, TOURFRAME-1, MTBFRAME-1, MTBFRAME-1, MTBFRAME-1, ROADFRAME-1, ROADFRAME-1, ROADFRAME-1, PEDASSY-1, PEDASSY-1, PEDASSY-1, PEDASSY-1, WHEEL-1, WHEEL-1, WHEEL-1, WHEEL-1, RIM-1, HUB-1, HUB-1, HUB-1, CYCLOCROSS-1, CYCLOCROSS-1, CYCLOCROSS-1, CYCLOCROSS-1, TOURING-1, TOURING-1, TOURING-1, TOURING-1, MTB-1, MTB-1, MTB-1, MTB-1, ROAD-1, ROAD-1, ROAD-1, ROAD-1], [Cyclocross Frame, Cyclocross Frame, Cyclocross Frame, Touring Frame, Touring Frame, Touring Frame, Mountain Frame, Mountain Frame, Mountain Frame, Road Frame, Road Frame, Road Frame, Pedal Assembly, Pedal Assembly, Pedal Assembly, Pedal Assembly, Wheel, Wheel, Wheel, Wheel, Rim, Hub, Hub, Hub, Cyclocross Bike, Cyclocross Bike, Cyclocross Bike, Cyclocross Bike, Touring Bike, Touring Bike, Touring Bike, Touring Bike, Mountain Bike, Mountain Bike, Mountain Bike, Mountain Bike, Road Bike, Road Bike, Road Bike, Road Bike], [10.0, 20.0, 30.0, 10.0, 20.0, 30.0, 10.0, 20.0, 30.0, 10.0, 20.0, 30.0, 10.0, 10.0, 10.0, 10.0, 10.0, 10.0, 10.0, 10.0, 10.0, 10.0, 10.0, 10.0, 10.0, 10.0, 10.0, 10.0, 10.0, 10.0, 10.0, 10.0, 10.0, 10.0, 10.0, 10.0, 10.0, 10.0, 10.0, 10.0], [Cut Tubes, Weld, Paint, Cut Tubes, Weld, Paint, Cut Tubes, Weld, Paint, Cut Tubes, Weld, Paint, Assemble, Assemble, Assemble, Assemble, Assemble Wheel, Assemble Wheel, Assemble Wheel, Assemble Wheel, Shape Rim, Assemble, Assemble, Assemble, Final Assembly, Final Assembly, Final Assembly, Final Assembly, Final Assembly, Final Assembly, Final Assembly, Final Assembly, Final Assembly, Final Assembly, Final Assembly, Final Assembly, Final Assembly, Final Assembly, Final Assembly, Final Assembly], [Metal Workers, Welders, Paint Sprayers, Metal Workers, Welders, Paint Sprayers, Metal Workers, Welders, Paint Sprayers, Metal Workers, Welders, Paint Sprayers, Component Assembly, Component Assembly, Component Assembly, Component Assembly, Component Assembly, Component Assembly, Component Assembly, Component Assembly, Metal Workers, Component Assembly, Component Assembly, Component Assembly, Final Assembly, Final Assembly, Final Assembly, Final Assembly, Final Assembly, Final Assembly, Final Assembly, Final Assembly, Final Assembly, Final Assembly, Final Assembly, Final Assembly, Final Assembly, Final Assembly, Final Assembly, Final Assembly], [15.0, 30.0, 15.0, 5.0, 5.0, 5.0, 40.0, 10.0, 15.0, 15.0, 15.0, 15.0, 5.0, 5.0, 5.0, 5.0, 5.0, 5.0, 5.0, 5.0, 1.0, 5.0, 5.0, 5.0, 15.0, 15.0, 15.0, 15.0, 15.0, 15.0, 15.0, 15.0, 15.0, 15.0, 15.0, 15.0, 15.0, 15.0, 15.0, 15.0], [TUBE-3, null, null, TUBE-1, null, null, TUBE-3, null, null, TUBE-4, null, null, PEDAL-1, CRANK-1, SPROCKET-1, SPINDLE-1, RIM-1, HUB-1, SPOKE-1, TIRE-1, STRIP-1, BB-1, BOLT-1, HUBCASE-1, SADDLE-1, CROSSFRAME-1, WHEEL-1, PEDASSY-1, SADDLE-1, TOURFRAME-1, WHEEL-1, PEDASSY-1, SADDLE-1, MTBFRAME-1, WHEEL-1, PEDASSY-1, SADDLE-1, ROADFRAME-1, WHEEL-1, PEDASSY-1], [10.0, null, null, 1.0, null, null, 7.0, null, null, 11.0, null, null, 2.0, 2.0, 1.0, 1.0, 1.0, 1.0, 24.0, 1.0, 1.0, 2.0, 1.0, 1.0, 1.0, 1.0, 3.0, 1.0, 1.0, 1.0, 2.0, 1.0, 1.0, 1.0, 2.0, 1.0, 1.0, 1.0, 2.0, 1.0]]
[ResourceGroup, Resource]
[[Metal Workers, Metal Workers, Welders, Welders, Paint Sprayers, Component Assembly, Final Assembly], [Metal Worker 1, Metal Worker 2, Welder 1, Welder 2, Paint Sprayer, Component Assembly, Final Assembly]]
SO-3:2000-01-14 00:00
SO-1:2000-01-14 00:00
SO-9:2000-01-13 00:00
SO-10:2000-01-13 00:00
SO-1:2000-01-01 00:00
SO-3:2000-01-01 00:00
SO-10:2000-01-01 00:00
SO-9:2000-01-01 00:00
SO-1:2000-01-01 00:00
SO-3:2000-01-01 00:00
SO-10:2000-01-01 00:00
SO-9:2000-01-01 00:00
SO-10:2000-01-01 00:00
SO-1:2000-01-01 00:00
SO-3:2000-01-01 00:00
SO-9:2000-01-01 00:00
SO-10:2000-01-01 00:00
SO-9:2000-01-01 00:00
SO-1:2000-01-01 00:00
SO-3:2000-01-01 00:00
[2000-01-01 00:00]
System Clock 2000-01-01 00:00

------Metal Worker 1

+--------------------------------------------------------------------------------------------------------------------+
| job                                                                                                                |
+--------------------------------------------------------------------------------------------------------------------+
| Node[113]{type:"Cut Tubes",status:"Loading",latestEndTime:"2000-01-12 04:00",earliestStartTime:"2000-01-01 00:00"} |
| Node[121]{type:"Cut Tubes",status:"Loading",latestEndTime:"2000-01-12 05:15",earliestStartTime:"2000-01-01 00:00"} |
| Node[107]{type:"Shape Rim",status:"Loading",latestEndTime:"2000-01-12 13:35",earliestStartTime:"2000-01-01 00:00"} |
| Node[106]{type:"Shape Rim",status:"Loading",latestEndTime:"2000-01-12 14:00",earliestStartTime:"2000-01-01 00:00"} |
| Node[120]{type:"Cut Tubes",status:"Loading",latestEndTime:"2000-01-13 14:00",earliestStartTime:"2000-01-01 00:00"} |
| Node[105]{type:"Shape Rim",status:"Loading",latestEndTime:"2000-01-13 17:45",earliestStartTime:"2000-01-01 00:00"} |
| Node[104]{type:"Shape Rim",status:"Loading",latestEndTime:"2000-01-13 21:55",earliestStartTime:"2000-01-01 00:00"} |
| Node[117]{type:"Cut Tubes",status:"Loading",latestEndTime:"2000-01-13 21:55",earliestStartTime:"2000-01-01 00:00"} |
+--------------------------------------------------------------------------------------------------------------------+
8 rows

Res Metal Worker 1:start 2000-01-01 00:00, end 2000-01-01 05:00, job Cut Tubes, order SO-10-1-85

------Metal Worker 2

+--------------------------------------------------------------------------------------------------------------------+
| job                                                                                                                |
+--------------------------------------------------------------------------------------------------------------------+
| Node[121]{type:"Cut Tubes",status:"Loading",latestEndTime:"2000-01-12 05:15",earliestStartTime:"2000-01-01 00:00"} |
| Node[107]{type:"Shape Rim",status:"Loading",latestEndTime:"2000-01-12 13:35",earliestStartTime:"2000-01-01 00:00"} |
| Node[106]{type:"Shape Rim",status:"Loading",latestEndTime:"2000-01-12 14:00",earliestStartTime:"2000-01-01 00:00"} |
| Node[120]{type:"Cut Tubes",status:"Loading",latestEndTime:"2000-01-13 14:00",earliestStartTime:"2000-01-01 00:00"} |
| Node[105]{type:"Shape Rim",status:"Loading",latestEndTime:"2000-01-13 17:45",earliestStartTime:"2000-01-01 00:00"} |
| Node[104]{type:"Shape Rim",status:"Loading",latestEndTime:"2000-01-13 21:55",earliestStartTime:"2000-01-01 00:00"} |
| Node[117]{type:"Cut Tubes",status:"Loading",latestEndTime:"2000-01-13 21:55",earliestStartTime:"2000-01-01 00:00"} |
+--------------------------------------------------------------------------------------------------------------------+
7 rows

Res Metal Worker 2:start 2000-01-01 00:00, end 2000-01-01 06:15, job Cut Tubes, order SO-9-1-86

------Welder 1

------Welder 2

------Paint Sprayer

------Component Assembly

+-------------------------------------------------------------------------------------------------------------------+
| job                                                                                                               |
+-------------------------------------------------------------------------------------------------------------------+
| Node[111]{type:"Assemble",status:"Loading",latestEndTime:"2000-01-12 13:35",earliestStartTime:"2000-01-01 00:00"} |
| Node[110]{type:"Assemble",status:"Loading",latestEndTime:"2000-01-12 14:00",earliestStartTime:"2000-01-01 00:00"} |
| Node[129]{type:"Assemble",status:"Loading",latestEndTime:"2000-01-12 17:45",earliestStartTime:"2000-01-01 00:00"} |
| Node[128]{type:"Assemble",status:"Loading",latestEndTime:"2000-01-12 19:00",earliestStartTime:"2000-01-01 00:00"} |
| Node[109]{type:"Assemble",status:"Loading",latestEndTime:"2000-01-13 17:45",earliestStartTime:"2000-01-01 00:00"} |
| Node[131]{type:"Assemble",status:"Loading",latestEndTime:"2000-01-13 20:15",earliestStartTime:"2000-01-01 00:00"} |
| Node[108]{type:"Assemble",status:"Loading",latestEndTime:"2000-01-13 21:55",earliestStartTime:"2000-01-01 00:00"} |
| Node[130]{type:"Assemble",status:"Loading",latestEndTime:"2000-01-13 22:45",earliestStartTime:"2000-01-01 00:00"} |
+-------------------------------------------------------------------------------------------------------------------+
8 rows

Order SO-9-2-97 has Finished! Loaded

Order SO-9-1-89, status Rest cannot be changed.
--Pre Order SO-9-2-101, Status Loading
--Pre Order SO-9-2-97, Status Loaded
Res Component Assembly:start 2000-01-01 00:00, end 2000-01-01 04:10, job Assemble, order SO-9-2-97

------Final Assembly

[2000-01-01 04:10, 2000-01-01 05:00, 2000-01-01 06:15]
System Clock 2000-01-01 04:10

[2000-01-01 05:00, 2000-01-01 06:15]
System Clock 2000-01-01 05:00

------Metal Worker 1

+--------------------------------------------------------------------------------------------------------------------+
| job                                                                                                                |
+--------------------------------------------------------------------------------------------------------------------+
| Node[107]{type:"Shape Rim",status:"Loading",latestEndTime:"2000-01-12 13:35",earliestStartTime:"2000-01-01 00:00"} |
| Node[106]{type:"Shape Rim",status:"Loading",latestEndTime:"2000-01-12 14:00",earliestStartTime:"2000-01-01 00:00"} |
| Node[120]{type:"Cut Tubes",status:"Loading",latestEndTime:"2000-01-13 14:00",earliestStartTime:"2000-01-01 00:00"} |
| Node[105]{type:"Shape Rim",status:"Loading",latestEndTime:"2000-01-13 17:45",earliestStartTime:"2000-01-01 00:00"} |
| Node[104]{type:"Shape Rim",status:"Loading",latestEndTime:"2000-01-13 21:55",earliestStartTime:"2000-01-01 00:00"} |
| Node[117]{type:"Cut Tubes",status:"Loading",latestEndTime:"2000-01-13 21:55",earliestStartTime:"2000-01-01 00:00"} |
+--------------------------------------------------------------------------------------------------------------------+
6 rows

Order SO-9-2-101 has Finished! Loaded

Order SO-9-1-89, status Rest -> Loading
Res Metal Worker 1:start 2000-01-01 05:00, end 2000-01-01 05:50, job Shape Rim, order SO-9-2-101

[2000-01-01 05:50, 2000-01-01 06:15]
System Clock 2000-01-01 05:50

------Metal Worker 1

+--------------------------------------------------------------------------------------------------------------------+
| job                                                                                                                |
+--------------------------------------------------------------------------------------------------------------------+
| Node[106]{type:"Shape Rim",status:"Loading",latestEndTime:"2000-01-12 14:00",earliestStartTime:"2000-01-01 00:00"} |
| Node[120]{type:"Cut Tubes",status:"Loading",latestEndTime:"2000-01-13 14:00",earliestStartTime:"2000-01-01 00:00"} |
| Node[105]{type:"Shape Rim",status:"Loading",latestEndTime:"2000-01-13 17:45",earliestStartTime:"2000-01-01 00:00"} |
| Node[104]{type:"Shape Rim",status:"Loading",latestEndTime:"2000-01-13 21:55",earliestStartTime:"2000-01-01 00:00"} |
| Node[117]{type:"Cut Tubes",status:"Loading",latestEndTime:"2000-01-13 21:55",earliestStartTime:"2000-01-01 00:00"} |
+--------------------------------------------------------------------------------------------------------------------+
5 rows

Order SO-10-2-100 has Finished! Loaded

Order SO-10-1-88, status Rest cannot be changed.
--Pre Order SO-10-2-100, Status Loaded
--Pre Order SO-10-2-96, Status Loading
Res Metal Worker 1:start 2000-01-01 05:50, end 2000-01-01 06:50, job Shape Rim, order SO-10-2-100

[2000-01-01 06:15, 2000-01-01 06:50]
System Clock 2000-01-01 06:15

[2000-01-01 06:50]
System Clock 2000-01-01 06:50

------Metal Worker 1

+--------------------------------------------------------------------------------------------------------------------+
| job                                                                                                                |
+--------------------------------------------------------------------------------------------------------------------+
| Node[120]{type:"Cut Tubes",status:"Loading",latestEndTime:"2000-01-13 14:00",earliestStartTime:"2000-01-01 00:00"} |
| Node[105]{type:"Shape Rim",status:"Loading",latestEndTime:"2000-01-13 17:45",earliestStartTime:"2000-01-01 00:00"} |
| Node[104]{type:"Shape Rim",status:"Loading",latestEndTime:"2000-01-13 21:55",earliestStartTime:"2000-01-01 00:00"} |
| Node[117]{type:"Cut Tubes",status:"Loading",latestEndTime:"2000-01-13 21:55",earliestStartTime:"2000-01-01 00:00"} |
+--------------------------------------------------------------------------------------------------------------------+
4 rows

Res Metal Worker 1:start 2000-01-01 06:50, end 2000-01-01 16:50, job Cut Tubes, order SO-3-1-87

Res Metal Worker 2, clock 2000-01-01 06:50 -> 2000-01-01 06:50
------Metal Worker 2

+--------------------------------------------------------------------------------------------------------------------+
| job                                                                                                                |
+--------------------------------------------------------------------------------------------------------------------+
| Node[105]{type:"Shape Rim",status:"Loading",latestEndTime:"2000-01-13 17:45",earliestStartTime:"2000-01-01 00:00"} |
| Node[104]{type:"Shape Rim",status:"Loading",latestEndTime:"2000-01-13 21:55",earliestStartTime:"2000-01-01 00:00"} |
| Node[117]{type:"Cut Tubes",status:"Loading",latestEndTime:"2000-01-13 21:55",earliestStartTime:"2000-01-01 00:00"} |
+--------------------------------------------------------------------------------------------------------------------+
3 rows

Order SO-3-2-103 has Finished! Loaded

Order SO-3-1-91, status Rest cannot be changed.
--Pre Order SO-3-2-103, Status Loaded
--Pre Order SO-3-2-99, Status Loading
Res Metal Worker 2:start 2000-01-01 06:50, end 2000-01-01 07:20, job Shape Rim, order SO-3-2-103

Res Welder 1, clock 2000-01-01 06:50 -> 2000-01-01 06:50
------Welder 1

+---------------------------------------------------------------------------------------------------------------+
| job                                                                                                           |
+---------------------------------------------------------------------------------------------------------------+
| Node[123]{type:"Weld",status:"Loading",latestEndTime:"2000-01-12 11:30",earliestStartTime:"2000-01-01 06:15"} |
| Node[112]{type:"Weld",status:"Loading",latestEndTime:"2000-01-12 14:00",earliestStartTime:"2000-01-01 05:00"} |
+---------------------------------------------------------------------------------------------------------------+
2 rows

Res Welder 1:start 2000-01-01 06:50, end 2000-01-01 13:05, job Weld, order SO-9-1-86

Res Welder 2, clock 2000-01-01 06:50 -> 2000-01-01 06:50
------Welder 2

+---------------------------------------------------------------------------------------------------------------+
| job                                                                                                           |
+---------------------------------------------------------------------------------------------------------------+
| Node[112]{type:"Weld",status:"Loading",latestEndTime:"2000-01-12 14:00",earliestStartTime:"2000-01-01 05:00"} |
+---------------------------------------------------------------------------------------------------------------+
1 row

Res Welder 2:start 2000-01-01 06:50, end 2000-01-01 16:50, job Weld, order SO-10-1-85

Res Paint Sprayer, clock 2000-01-01 06:50 -> 2000-01-01 06:50
------Paint Sprayer

Res Component Assembly, clock 2000-01-01 06:50 -> 2000-01-01 06:50
------Component Assembly

+-------------------------------------------------------------------------------------------------------------------------+
| job                                                                                                                     |
+-------------------------------------------------------------------------------------------------------------------------+
| Node[110]{type:"Assemble",status:"Loading",latestEndTime:"2000-01-12 14:00",earliestStartTime:"2000-01-01 00:00"}       |
| Node[129]{type:"Assemble",status:"Loading",latestEndTime:"2000-01-12 17:45",earliestStartTime:"2000-01-01 00:00"}       |
| Node[132]{type:"Assemble Wheel",status:"Loading",latestEndTime:"2000-01-12 17:45",earliestStartTime:"2000-01-01 05:50"} |
| Node[128]{type:"Assemble",status:"Loading",latestEndTime:"2000-01-12 19:00",earliestStartTime:"2000-01-01 00:00"}       |
| Node[109]{type:"Assemble",status:"Loading",latestEndTime:"2000-01-13 17:45",earliestStartTime:"2000-01-01 00:00"}       |
| Node[131]{type:"Assemble",status:"Loading",latestEndTime:"2000-01-13 20:15",earliestStartTime:"2000-01-01 00:00"}       |
| Node[108]{type:"Assemble",status:"Loading",latestEndTime:"2000-01-13 21:55",earliestStartTime:"2000-01-01 00:00"}       |
| Node[130]{type:"Assemble",status:"Loading",latestEndTime:"2000-01-13 22:45",earliestStartTime:"2000-01-01 00:00"}       |
+-------------------------------------------------------------------------------------------------------------------------+
8 rows

Order SO-10-2-96 has Finished! Loaded

Order SO-10-1-88, status Rest -> Loading
Res Component Assembly:start 2000-01-01 06:50, end 2000-01-01 11:50, job Assemble, order SO-10-2-96

Res Final Assembly, clock 2000-01-01 06:50 -> 2000-01-01 06:50
------Final Assembly

[2000-01-01 07:20, 2000-01-01 11:50, 2000-01-01 13:05, 2000-01-01 16:50, 2000-01-01 16:50]
System Clock 2000-01-01 07:20

[2000-01-01 11:50, 2000-01-01 13:05, 2000-01-01 16:50, 2000-01-01 16:50]
System Clock 2000-01-01 11:50

[2000-01-01 13:05, 2000-01-01 16:50, 2000-01-01 16:50]
System Clock 2000-01-01 13:05

[2000-01-01 16:50, 2000-01-01 16:50]
System Clock 2000-01-01 16:50

------Metal Worker 1

+--------------------------------------------------------------------------------------------------------------------+
| job                                                                                                                |
+--------------------------------------------------------------------------------------------------------------------+
| Node[104]{type:"Shape Rim",status:"Loading",latestEndTime:"2000-01-13 21:55",earliestStartTime:"2000-01-01 00:00"} |
| Node[117]{type:"Cut Tubes",status:"Loading",latestEndTime:"2000-01-13 21:55",earliestStartTime:"2000-01-01 00:00"} |
+--------------------------------------------------------------------------------------------------------------------+
2 rows

Order SO-1-2-102 has Finished! Loaded

Order SO-1-1-90, status Rest cannot be changed.
--Pre Order SO-1-2-102, Status Loaded
--Pre Order SO-1-2-98, Status Loading
Res Metal Worker 1:start 2000-01-01 16:50, end 2000-01-01 17:00, job Shape Rim, order SO-1-2-102

Res Metal Worker 2, clock 2000-01-01 16:50 -> 2000-01-01 16:50
------Metal Worker 2

+--------------------------------------------------------------------------------------------------------------------+
| job                                                                                                                |
+--------------------------------------------------------------------------------------------------------------------+
| Node[117]{type:"Cut Tubes",status:"Loading",latestEndTime:"2000-01-13 21:55",earliestStartTime:"2000-01-01 00:00"} |
+--------------------------------------------------------------------------------------------------------------------+
1 row

Res Metal Worker 2:start 2000-01-01 16:50, end 2000-01-01 17:15, job Cut Tubes, order SO-1-1-84

Res Welder 1, clock 2000-01-01 16:50 -> 2000-01-01 16:50
------Welder 1

+---------------------------------------------------------------------------------------------------------------+
| job                                                                                                           |
+---------------------------------------------------------------------------------------------------------------+
| Node[119]{type:"Weld",status:"Loading",latestEndTime:"2000-01-13 16:30",earliestStartTime:"2000-01-01 16:50"} |
+---------------------------------------------------------------------------------------------------------------+
1 row

Res Welder 1:start 2000-01-01 16:50, end 2000-01-01 19:20, job Weld, order SO-3-1-87

------Welder 2

Res Paint Sprayer, clock 2000-01-01 16:50 -> 2000-01-01 16:50
------Paint Sprayer

+----------------------------------------------------------------------------------------------------------------+
| job                                                                                                            |
+----------------------------------------------------------------------------------------------------------------+
| Node[122]{type:"Paint",status:"Loading",latestEndTime:"2000-01-12 17:45",earliestStartTime:"2000-01-01 13:05"} |
| Node[114]{type:"Paint",status:"Loading",latestEndTime:"2000-01-12 19:00",earliestStartTime:"2000-01-01 16:50"} |
+----------------------------------------------------------------------------------------------------------------+
2 rows

Order SO-9-1-86 has Finished! Loaded

Order SO-9-0-83, status Rest cannot be changed.
--Pre Order SO-9-1-89, Status Loading
--Pre Order SO-9-1-92, Status Loading
--Pre Order SO-9-1-86, Status Loaded
Res Paint Sprayer:start 2000-01-01 16:50, end 2000-01-01 23:05, job Paint, order SO-9-1-86

Res Component Assembly, clock 2000-01-01 16:50 -> 2000-01-01 16:50
------Component Assembly

+-------------------------------------------------------------------------------------------------------------------------+
| job                                                                                                                     |
+-------------------------------------------------------------------------------------------------------------------------+
| Node[129]{type:"Assemble",status:"Loading",latestEndTime:"2000-01-12 17:45",earliestStartTime:"2000-01-01 00:00"}       |
| Node[132]{type:"Assemble Wheel",status:"Loading",latestEndTime:"2000-01-12 17:45",earliestStartTime:"2000-01-01 05:50"} |
| Node[128]{type:"Assemble",status:"Loading",latestEndTime:"2000-01-12 19:00",earliestStartTime:"2000-01-01 00:00"}       |
| Node[133]{type:"Assemble Wheel",status:"Loading",latestEndTime:"2000-01-12 19:00",earliestStartTime:"2000-01-01 11:50"} |
| Node[109]{type:"Assemble",status:"Loading",latestEndTime:"2000-01-13 17:45",earliestStartTime:"2000-01-01 00:00"}       |
| Node[131]{type:"Assemble",status:"Loading",latestEndTime:"2000-01-13 20:15",earliestStartTime:"2000-01-01 00:00"}       |
| Node[108]{type:"Assemble",status:"Loading",latestEndTime:"2000-01-13 21:55",earliestStartTime:"2000-01-01 00:00"}       |
| Node[130]{type:"Assemble",status:"Loading",latestEndTime:"2000-01-13 22:45",earliestStartTime:"2000-01-01 00:00"}       |
+-------------------------------------------------------------------------------------------------------------------------+
8 rows

Order SO-9-1-92 has Finished! Loaded

Order SO-9-0-83, status Rest cannot be changed.
--Pre Order SO-9-1-89, Status Loading
--Pre Order SO-9-1-92, Status Loaded
--Pre Order SO-9-1-86, Status Loaded
Res Component Assembly:start 2000-01-01 16:50, end 2000-01-01 18:55, job Assemble, order SO-9-1-92

Res Final Assembly, clock 2000-01-01 16:50 -> 2000-01-01 16:50
------Final Assembly

[2000-01-01 16:50, 2000-01-01 17:00, 2000-01-01 17:15, 2000-01-01 18:55, 2000-01-01 19:20, 2000-01-01 23:05]
System Clock 2000-01-01 16:50

[2000-01-01 17:00, 2000-01-01 17:15, 2000-01-01 18:55, 2000-01-01 19:20, 2000-01-01 23:05]
System Clock 2000-01-01 17:00

------Metal Worker 1

[2000-01-01 17:15, 2000-01-01 18:55, 2000-01-01 19:20, 2000-01-01 23:05]
System Clock 2000-01-01 17:15

Res Metal Worker 1, clock 2000-01-01 17:15 -> 2000-01-01 17:15
------Metal Worker 1

------Metal Worker 2

[2000-01-01 18:55, 2000-01-01 19:20, 2000-01-01 23:05]
System Clock 2000-01-01 18:55

Res Metal Worker 1, clock 2000-01-01 18:55 -> 2000-01-01 18:55
------Metal Worker 1

Res Metal Worker 2, clock 2000-01-01 18:55 -> 2000-01-01 18:55
------Metal Worker 2

[2000-01-01 19:20, 2000-01-01 23:05]
System Clock 2000-01-01 19:20

Res Metal Worker 1, clock 2000-01-01 19:20 -> 2000-01-01 19:20
------Metal Worker 1

Res Metal Worker 2, clock 2000-01-01 19:20 -> 2000-01-01 19:20
------Metal Worker 2

------Welder 1

+---------------------------------------------------------------------------------------------------------------+
| job                                                                                                           |
+---------------------------------------------------------------------------------------------------------------+
| Node[116]{type:"Weld",status:"Loading",latestEndTime:"2000-01-13 22:20",earliestStartTime:"2000-01-01 17:15"} |
+---------------------------------------------------------------------------------------------------------------+
1 row

Res Welder 1:start 2000-01-01 19:20, end 2000-01-01 19:45, job Weld, order SO-1-1-84

Res Welder 2, clock 2000-01-01 19:20 -> 2000-01-01 19:20
------Welder 2

[2000-01-01 19:45, 2000-01-01 23:05]
System Clock 2000-01-01 19:45

Res Metal Worker 1, clock 2000-01-01 19:45 -> 2000-01-01 19:45
------Metal Worker 1

Res Metal Worker 2, clock 2000-01-01 19:45 -> 2000-01-01 19:45
------Metal Worker 2

------Welder 1

Res Welder 2, clock 2000-01-01 19:45 -> 2000-01-01 19:45
------Welder 2

[2000-01-01 23:05]
System Clock 2000-01-01 23:05

Res Metal Worker 1, clock 2000-01-01 23:05 -> 2000-01-01 23:05
------Metal Worker 1

Res Metal Worker 2, clock 2000-01-01 23:05 -> 2000-01-01 23:05
------Metal Worker 2

Res Welder 1, clock 2000-01-01 23:05 -> 2000-01-01 23:05
------Welder 1

Res Welder 2, clock 2000-01-01 23:05 -> 2000-01-01 23:05
------Welder 2

------Paint Sprayer

+----------------------------------------------------------------------------------------------------------------+
| job                                                                                                            |
+----------------------------------------------------------------------------------------------------------------+
| Node[114]{type:"Paint",status:"Loading",latestEndTime:"2000-01-12 19:00",earliestStartTime:"2000-01-01 16:50"} |
| Node[118]{type:"Paint",status:"Loading",latestEndTime:"2000-01-13 20:15",earliestStartTime:"2000-01-01 19:20"} |
| Node[115]{type:"Paint",status:"Loading",latestEndTime:"2000-01-13 22:45",earliestStartTime:"2000-01-01 19:45"} |
+----------------------------------------------------------------------------------------------------------------+
3 rows

Order SO-10-1-85 has Finished! Loaded

Order SO-10-0-82, status Rest cannot be changed.
--Pre Order SO-10-1-88, Status Loading
--Pre Order SO-10-1-93, Status Loading
--Pre Order SO-10-1-85, Status Loaded
Res Paint Sprayer:start 2000-01-01 23:05, end 2000-01-02 04:05, job Paint, order SO-10-1-85

Res Component Assembly, clock 2000-01-01 23:05 -> 2000-01-01 23:05
------Component Assembly

+-------------------------------------------------------------------------------------------------------------------------+
| job                                                                                                                     |
+-------------------------------------------------------------------------------------------------------------------------+
| Node[132]{type:"Assemble Wheel",status:"Loading",latestEndTime:"2000-01-12 17:45",earliestStartTime:"2000-01-01 05:50"} |
| Node[128]{type:"Assemble",status:"Loading",latestEndTime:"2000-01-12 19:00",earliestStartTime:"2000-01-01 00:00"}       |
| Node[133]{type:"Assemble Wheel",status:"Loading",latestEndTime:"2000-01-12 19:00",earliestStartTime:"2000-01-01 11:50"} |
| Node[109]{type:"Assemble",status:"Loading",latestEndTime:"2000-01-13 17:45",earliestStartTime:"2000-01-01 00:00"}       |
| Node[131]{type:"Assemble",status:"Loading",latestEndTime:"2000-01-13 20:15",earliestStartTime:"2000-01-01 00:00"}       |
| Node[108]{type:"Assemble",status:"Loading",latestEndTime:"2000-01-13 21:55",earliestStartTime:"2000-01-01 00:00"}       |
| Node[130]{type:"Assemble",status:"Loading",latestEndTime:"2000-01-13 22:45",earliestStartTime:"2000-01-01 00:00"}       |
+-------------------------------------------------------------------------------------------------------------------------+
7 rows

Order SO-9-1-89 has Finished! Loaded

Order SO-9-0-83, status Rest -> Loading
Res Component Assembly:start 2000-01-01 23:05, end 2000-01-02 03:15, job Assemble Wheel, order SO-9-1-89

Res Final Assembly, clock 2000-01-01 23:05 -> 2000-01-01 23:05
------Final Assembly

[2000-01-02 03:15, 2000-01-02 04:05]
System Clock 2000-01-02 03:15

Res Metal Worker 1, clock 2000-01-02 03:15 -> 2000-01-02 03:15
------Metal Worker 1

Res Metal Worker 2, clock 2000-01-02 03:15 -> 2000-01-02 03:15
------Metal Worker 2

Res Welder 1, clock 2000-01-02 03:15 -> 2000-01-02 03:15
------Welder 1

Res Welder 2, clock 2000-01-02 03:15 -> 2000-01-02 03:15
------Welder 2

[2000-01-02 04:05]
System Clock 2000-01-02 04:05

Res Metal Worker 1, clock 2000-01-02 04:05 -> 2000-01-02 04:05
------Metal Worker 1

Res Metal Worker 2, clock 2000-01-02 04:05 -> 2000-01-02 04:05
------Metal Worker 2

Res Welder 1, clock 2000-01-02 04:05 -> 2000-01-02 04:05
------Welder 1

Res Welder 2, clock 2000-01-02 04:05 -> 2000-01-02 04:05
------Welder 2

------Paint Sprayer

+----------------------------------------------------------------------------------------------------------------+
| job                                                                                                            |
+----------------------------------------------------------------------------------------------------------------+
| Node[118]{type:"Paint",status:"Loading",latestEndTime:"2000-01-13 20:15",earliestStartTime:"2000-01-01 19:20"} |
| Node[115]{type:"Paint",status:"Loading",latestEndTime:"2000-01-13 22:45",earliestStartTime:"2000-01-01 19:45"} |
+----------------------------------------------------------------------------------------------------------------+
2 rows

Order SO-3-1-87 has Finished! Loaded

Order SO-3-0-81, status Rest cannot be changed.
--Pre Order SO-3-1-91, Status Rest
--Pre Order SO-3-1-94, Status Loading
--Pre Order SO-3-1-87, Status Loaded
Res Paint Sprayer:start 2000-01-02 04:05, end 2000-01-02 07:50, job Paint, order SO-3-1-87

Res Component Assembly, clock 2000-01-02 04:05 -> 2000-01-02 04:05
------Component Assembly

+-------------------------------------------------------------------------------------------------------------------------+
| job                                                                                                                     |
+-------------------------------------------------------------------------------------------------------------------------+
| Node[128]{type:"Assemble",status:"Loading",latestEndTime:"2000-01-12 19:00",earliestStartTime:"2000-01-01 00:00"}       |
| Node[133]{type:"Assemble Wheel",status:"Loading",latestEndTime:"2000-01-12 19:00",earliestStartTime:"2000-01-01 11:50"} |
| Node[109]{type:"Assemble",status:"Loading",latestEndTime:"2000-01-13 17:45",earliestStartTime:"2000-01-01 00:00"}       |
| Node[131]{type:"Assemble",status:"Loading",latestEndTime:"2000-01-13 20:15",earliestStartTime:"2000-01-01 00:00"}       |
| Node[108]{type:"Assemble",status:"Loading",latestEndTime:"2000-01-13 21:55",earliestStartTime:"2000-01-01 00:00"}       |
| Node[130]{type:"Assemble",status:"Loading",latestEndTime:"2000-01-13 22:45",earliestStartTime:"2000-01-01 00:00"}       |
+-------------------------------------------------------------------------------------------------------------------------+
6 rows

Order SO-10-1-93 has Finished! Loaded

Order SO-10-0-82, status Rest cannot be changed.
--Pre Order SO-10-1-88, Status Loading
--Pre Order SO-10-1-93, Status Loaded
--Pre Order SO-10-1-85, Status Loaded
Res Component Assembly:start 2000-01-02 04:05, end 2000-01-02 05:45, job Assemble, order SO-10-1-93

Res Final Assembly, clock 2000-01-02 04:05 -> 2000-01-02 04:05
------Final Assembly

+-------------------------------------------------------------------------------------------------------------------------+
| job                                                                                                                     |
+-------------------------------------------------------------------------------------------------------------------------+
| Node[126]{type:"Final Assembly",status:"Loading",latestEndTime:"2000-01-13 00:00",earliestStartTime:"2000-01-02 03:15"} |
+-------------------------------------------------------------------------------------------------------------------------+
1 row

Order SO-9-0-83 has Finished! Loaded

Res Final Assembly:start 2000-01-02 04:05, end 2000-01-02 10:20, job Final Assembly, order SO-9-0-83

[2000-01-02 05:45, 2000-01-02 07:50, 2000-01-02 10:20]
System Clock 2000-01-02 05:45

Res Metal Worker 1, clock 2000-01-02 05:45 -> 2000-01-02 05:45
------Metal Worker 1

Res Metal Worker 2, clock 2000-01-02 05:45 -> 2000-01-02 05:45
------Metal Worker 2

Res Welder 1, clock 2000-01-02 05:45 -> 2000-01-02 05:45
------Welder 1

Res Welder 2, clock 2000-01-02 05:45 -> 2000-01-02 05:45
------Welder 2

[2000-01-02 07:50, 2000-01-02 10:20]
System Clock 2000-01-02 07:50

Res Metal Worker 1, clock 2000-01-02 07:50 -> 2000-01-02 07:50
------Metal Worker 1

Res Metal Worker 2, clock 2000-01-02 07:50 -> 2000-01-02 07:50
------Metal Worker 2

Res Welder 1, clock 2000-01-02 07:50 -> 2000-01-02 07:50
------Welder 1

Res Welder 2, clock 2000-01-02 07:50 -> 2000-01-02 07:50
------Welder 2

------Paint Sprayer

+----------------------------------------------------------------------------------------------------------------+
| job                                                                                                            |
+----------------------------------------------------------------------------------------------------------------+
| Node[115]{type:"Paint",status:"Loading",latestEndTime:"2000-01-13 22:45",earliestStartTime:"2000-01-01 19:45"} |
+----------------------------------------------------------------------------------------------------------------+
1 row

Order SO-1-1-84 has Finished! Loaded

Order SO-1-0-80, status Rest cannot be changed.
--Pre Order SO-1-1-90, Status Rest
--Pre Order SO-1-1-95, Status Loading
--Pre Order SO-1-1-84, Status Loaded
Res Paint Sprayer:start 2000-01-02 07:50, end 2000-01-02 08:15, job Paint, order SO-1-1-84

Res Component Assembly, clock 2000-01-02 07:50 -> 2000-01-02 07:50
------Component Assembly

+-------------------------------------------------------------------------------------------------------------------------+
| job                                                                                                                     |
+-------------------------------------------------------------------------------------------------------------------------+
| Node[133]{type:"Assemble Wheel",status:"Loading",latestEndTime:"2000-01-12 19:00",earliestStartTime:"2000-01-01 11:50"} |
| Node[109]{type:"Assemble",status:"Loading",latestEndTime:"2000-01-13 17:45",earliestStartTime:"2000-01-01 00:00"}       |
| Node[131]{type:"Assemble",status:"Loading",latestEndTime:"2000-01-13 20:15",earliestStartTime:"2000-01-01 00:00"}       |
| Node[108]{type:"Assemble",status:"Loading",latestEndTime:"2000-01-13 21:55",earliestStartTime:"2000-01-01 00:00"}       |
| Node[130]{type:"Assemble",status:"Loading",latestEndTime:"2000-01-13 22:45",earliestStartTime:"2000-01-01 00:00"}       |
+-------------------------------------------------------------------------------------------------------------------------+
5 rows

Order SO-10-1-88 has Finished! Loaded

Order SO-10-0-82, status Rest -> Loading
Res Component Assembly:start 2000-01-02 07:50, end 2000-01-02 12:50, job Assemble Wheel, order SO-10-1-88

[2000-01-02 08:15, 2000-01-02 10:20, 2000-01-02 12:50]
System Clock 2000-01-02 08:15

Res Metal Worker 1, clock 2000-01-02 08:15 -> 2000-01-02 08:15
------Metal Worker 1

Res Metal Worker 2, clock 2000-01-02 08:15 -> 2000-01-02 08:15
------Metal Worker 2

Res Welder 1, clock 2000-01-02 08:15 -> 2000-01-02 08:15
------Welder 1

Res Welder 2, clock 2000-01-02 08:15 -> 2000-01-02 08:15
------Welder 2

------Paint Sprayer

[2000-01-02 10:20, 2000-01-02 12:50]
System Clock 2000-01-02 10:20

Res Metal Worker 1, clock 2000-01-02 10:20 -> 2000-01-02 10:20
------Metal Worker 1

Res Metal Worker 2, clock 2000-01-02 10:20 -> 2000-01-02 10:20
------Metal Worker 2

Res Welder 1, clock 2000-01-02 10:20 -> 2000-01-02 10:20
------Welder 1

Res Welder 2, clock 2000-01-02 10:20 -> 2000-01-02 10:20
------Welder 2

Res Paint Sprayer, clock 2000-01-02 10:20 -> 2000-01-02 10:20
------Paint Sprayer

[2000-01-02 12:50]
System Clock 2000-01-02 12:50

Res Metal Worker 1, clock 2000-01-02 12:50 -> 2000-01-02 12:50
------Metal Worker 1

Res Metal Worker 2, clock 2000-01-02 12:50 -> 2000-01-02 12:50
------Metal Worker 2

Res Welder 1, clock 2000-01-02 12:50 -> 2000-01-02 12:50
------Welder 1

Res Welder 2, clock 2000-01-02 12:50 -> 2000-01-02 12:50
------Welder 2

Res Paint Sprayer, clock 2000-01-02 12:50 -> 2000-01-02 12:50
------Paint Sprayer

------Component Assembly

+-------------------------------------------------------------------------------------------------------------------+
| job                                                                                                               |
+-------------------------------------------------------------------------------------------------------------------+
| Node[109]{type:"Assemble",status:"Loading",latestEndTime:"2000-01-13 17:45",earliestStartTime:"2000-01-01 00:00"} |
| Node[131]{type:"Assemble",status:"Loading",latestEndTime:"2000-01-13 20:15",earliestStartTime:"2000-01-01 00:00"} |
| Node[108]{type:"Assemble",status:"Loading",latestEndTime:"2000-01-13 21:55",earliestStartTime:"2000-01-01 00:00"} |
| Node[130]{type:"Assemble",status:"Loading",latestEndTime:"2000-01-13 22:45",earliestStartTime:"2000-01-01 00:00"} |
+-------------------------------------------------------------------------------------------------------------------+
4 rows

Order SO-3-2-99 has Finished! Loaded

Order SO-3-1-91, status Rest -> Loading
Res Component Assembly:start 2000-01-02 12:50, end 2000-01-02 15:20, job Assemble, order SO-3-2-99

Res Final Assembly, clock 2000-01-02 12:50 -> 2000-01-02 12:50
------Final Assembly

+-------------------------------------------------------------------------------------------------------------------------+
| job                                                                                                                     |
+-------------------------------------------------------------------------------------------------------------------------+
| Node[127]{type:"Final Assembly",status:"Loading",latestEndTime:"2000-01-13 00:00",earliestStartTime:"2000-01-02 12:50"} |
+-------------------------------------------------------------------------------------------------------------------------+
1 row

Order SO-10-0-82 has Finished! Loaded

Res Final Assembly:start 2000-01-02 12:50, end 2000-01-02 17:50, job Final Assembly, order SO-10-0-82

[2000-01-02 15:20, 2000-01-02 17:50]
System Clock 2000-01-02 15:20

Res Metal Worker 1, clock 2000-01-02 15:20 -> 2000-01-02 15:20
------Metal Worker 1

Res Metal Worker 2, clock 2000-01-02 15:20 -> 2000-01-02 15:20
------Metal Worker 2

Res Welder 1, clock 2000-01-02 15:20 -> 2000-01-02 15:20
------Welder 1

Res Welder 2, clock 2000-01-02 15:20 -> 2000-01-02 15:20
------Welder 2

Res Paint Sprayer, clock 2000-01-02 15:20 -> 2000-01-02 15:20
------Paint Sprayer

------Component Assembly

+-------------------------------------------------------------------------------------------------------------------------+
| job                                                                                                                     |
+-------------------------------------------------------------------------------------------------------------------------+
| Node[131]{type:"Assemble",status:"Loading",latestEndTime:"2000-01-13 20:15",earliestStartTime:"2000-01-01 00:00"}       |
| Node[134]{type:"Assemble Wheel",status:"Loading",latestEndTime:"2000-01-13 20:15",earliestStartTime:"2000-01-02 15:20"} |
| Node[108]{type:"Assemble",status:"Loading",latestEndTime:"2000-01-13 21:55",earliestStartTime:"2000-01-01 00:00"}       |
| Node[130]{type:"Assemble",status:"Loading",latestEndTime:"2000-01-13 22:45",earliestStartTime:"2000-01-01 00:00"}       |
+-------------------------------------------------------------------------------------------------------------------------+
4 rows

Order SO-3-1-94 has Finished! Loaded

Order SO-3-0-81, status Rest cannot be changed.
--Pre Order SO-3-1-91, Status Loading
--Pre Order SO-3-1-94, Status Loaded
--Pre Order SO-3-1-87, Status Loaded
Res Component Assembly:start 2000-01-02 15:20, end 2000-01-02 16:35, job Assemble, order SO-3-1-94

[2000-01-02 16:35, 2000-01-02 17:50]
System Clock 2000-01-02 16:35

Res Metal Worker 1, clock 2000-01-02 16:35 -> 2000-01-02 16:35
------Metal Worker 1

Res Metal Worker 2, clock 2000-01-02 16:35 -> 2000-01-02 16:35
------Metal Worker 2

Res Welder 1, clock 2000-01-02 16:35 -> 2000-01-02 16:35
------Welder 1

Res Welder 2, clock 2000-01-02 16:35 -> 2000-01-02 16:35
------Welder 2

Res Paint Sprayer, clock 2000-01-02 16:35 -> 2000-01-02 16:35
------Paint Sprayer

------Component Assembly

+-------------------------------------------------------------------------------------------------------------------------+
| job                                                                                                                     |
+-------------------------------------------------------------------------------------------------------------------------+
| Node[134]{type:"Assemble Wheel",status:"Loading",latestEndTime:"2000-01-13 20:15",earliestStartTime:"2000-01-02 15:20"} |
| Node[108]{type:"Assemble",status:"Loading",latestEndTime:"2000-01-13 21:55",earliestStartTime:"2000-01-01 00:00"}       |
| Node[130]{type:"Assemble",status:"Loading",latestEndTime:"2000-01-13 22:45",earliestStartTime:"2000-01-01 00:00"}       |
+-------------------------------------------------------------------------------------------------------------------------+
3 rows

Order SO-3-1-91 has Finished! Loaded

Order SO-3-0-81, status Rest -> Loading
Res Component Assembly:start 2000-01-02 16:35, end 2000-01-02 19:05, job Assemble Wheel, order SO-3-1-91

[2000-01-02 17:50, 2000-01-02 19:05]
System Clock 2000-01-02 17:50

Res Metal Worker 1, clock 2000-01-02 17:50 -> 2000-01-02 17:50
------Metal Worker 1

Res Metal Worker 2, clock 2000-01-02 17:50 -> 2000-01-02 17:50
------Metal Worker 2

Res Welder 1, clock 2000-01-02 17:50 -> 2000-01-02 17:50
------Welder 1

Res Welder 2, clock 2000-01-02 17:50 -> 2000-01-02 17:50
------Welder 2

Res Paint Sprayer, clock 2000-01-02 17:50 -> 2000-01-02 17:50
------Paint Sprayer

[2000-01-02 19:05]
System Clock 2000-01-02 19:05

Res Metal Worker 1, clock 2000-01-02 19:05 -> 2000-01-02 19:05
------Metal Worker 1

Res Metal Worker 2, clock 2000-01-02 19:05 -> 2000-01-02 19:05
------Metal Worker 2

Res Welder 1, clock 2000-01-02 19:05 -> 2000-01-02 19:05
------Welder 1

Res Welder 2, clock 2000-01-02 19:05 -> 2000-01-02 19:05
------Welder 2

Res Paint Sprayer, clock 2000-01-02 19:05 -> 2000-01-02 19:05
------Paint Sprayer

------Component Assembly

+-------------------------------------------------------------------------------------------------------------------+
| job                                                                                                               |
+-------------------------------------------------------------------------------------------------------------------+
| Node[108]{type:"Assemble",status:"Loading",latestEndTime:"2000-01-13 21:55",earliestStartTime:"2000-01-01 00:00"} |
| Node[130]{type:"Assemble",status:"Loading",latestEndTime:"2000-01-13 22:45",earliestStartTime:"2000-01-01 00:00"} |
+-------------------------------------------------------------------------------------------------------------------+
2 rows

Order SO-1-2-98 has Finished! Loaded

Order SO-1-1-90, status Rest -> Loading
Res Component Assembly:start 2000-01-02 19:05, end 2000-01-02 19:55, job Assemble, order SO-1-2-98

Res Final Assembly, clock 2000-01-02 19:05 -> 2000-01-02 19:05
------Final Assembly

+-------------------------------------------------------------------------------------------------------------------------+
| job                                                                                                                     |
+-------------------------------------------------------------------------------------------------------------------------+
| Node[124]{type:"Final Assembly",status:"Loading",latestEndTime:"2000-01-14 00:00",earliestStartTime:"2000-01-02 19:05"} |
+-------------------------------------------------------------------------------------------------------------------------+
1 row

Order SO-3-0-81 has Finished! Loaded

Res Final Assembly:start 2000-01-02 19:05, end 2000-01-02 22:50, job Final Assembly, order SO-3-0-81

[2000-01-02 19:55, 2000-01-02 22:50]
System Clock 2000-01-02 19:55

Res Metal Worker 1, clock 2000-01-02 19:55 -> 2000-01-02 19:55
------Metal Worker 1

Res Metal Worker 2, clock 2000-01-02 19:55 -> 2000-01-02 19:55
------Metal Worker 2

Res Welder 1, clock 2000-01-02 19:55 -> 2000-01-02 19:55
------Welder 1

Res Welder 2, clock 2000-01-02 19:55 -> 2000-01-02 19:55
------Welder 2

Res Paint Sprayer, clock 2000-01-02 19:55 -> 2000-01-02 19:55
------Paint Sprayer

------Component Assembly

+-------------------------------------------------------------------------------------------------------------------------+
| job                                                                                                                     |
+-------------------------------------------------------------------------------------------------------------------------+
| Node[130]{type:"Assemble",status:"Loading",latestEndTime:"2000-01-13 22:45",earliestStartTime:"2000-01-01 00:00"}       |
| Node[135]{type:"Assemble Wheel",status:"Loading",latestEndTime:"2000-01-13 22:45",earliestStartTime:"2000-01-02 19:55"} |
+-------------------------------------------------------------------------------------------------------------------------+
2 rows

Order SO-1-1-95 has Finished! Loaded

Order SO-1-0-80, status Rest cannot be changed.
--Pre Order SO-1-1-90, Status Loading
--Pre Order SO-1-1-95, Status Loaded
--Pre Order SO-1-1-84, Status Loaded
Res Component Assembly:start 2000-01-02 19:55, end 2000-01-02 20:20, job Assemble, order SO-1-1-95

[2000-01-02 20:20, 2000-01-02 22:50]
System Clock 2000-01-02 20:20

Res Metal Worker 1, clock 2000-01-02 20:20 -> 2000-01-02 20:20
------Metal Worker 1

Res Metal Worker 2, clock 2000-01-02 20:20 -> 2000-01-02 20:20
------Metal Worker 2

Res Welder 1, clock 2000-01-02 20:20 -> 2000-01-02 20:20
------Welder 1

Res Welder 2, clock 2000-01-02 20:20 -> 2000-01-02 20:20
------Welder 2

Res Paint Sprayer, clock 2000-01-02 20:20 -> 2000-01-02 20:20
------Paint Sprayer

------Component Assembly

+-------------------------------------------------------------------------------------------------------------------------+
| job                                                                                                                     |
+-------------------------------------------------------------------------------------------------------------------------+
| Node[135]{type:"Assemble Wheel",status:"Loading",latestEndTime:"2000-01-13 22:45",earliestStartTime:"2000-01-02 19:55"} |
+-------------------------------------------------------------------------------------------------------------------------+
1 row

Order SO-1-1-90 has Finished! Loaded

Order SO-1-0-80, status Rest -> Loading
Res Component Assembly:start 2000-01-02 20:20, end 2000-01-02 21:10, job Assemble Wheel, order SO-1-1-90

[2000-01-02 21:10, 2000-01-02 22:50]
System Clock 2000-01-02 21:10

Res Metal Worker 1, clock 2000-01-02 21:10 -> 2000-01-02 21:10
------Metal Worker 1

Res Metal Worker 2, clock 2000-01-02 21:10 -> 2000-01-02 21:10
------Metal Worker 2

Res Welder 1, clock 2000-01-02 21:10 -> 2000-01-02 21:10
------Welder 1

Res Welder 2, clock 2000-01-02 21:10 -> 2000-01-02 21:10
------Welder 2

Res Paint Sprayer, clock 2000-01-02 21:10 -> 2000-01-02 21:10
------Paint Sprayer

------Component Assembly

[2000-01-02 22:50]
System Clock 2000-01-02 22:50

Res Metal Worker 1, clock 2000-01-02 22:50 -> 2000-01-02 22:50
------Metal Worker 1

Res Metal Worker 2, clock 2000-01-02 22:50 -> 2000-01-02 22:50
------Metal Worker 2

Res Welder 1, clock 2000-01-02 22:50 -> 2000-01-02 22:50
------Welder 1

Res Welder 2, clock 2000-01-02 22:50 -> 2000-01-02 22:50
------Welder 2

Res Paint Sprayer, clock 2000-01-02 22:50 -> 2000-01-02 22:50
------Paint Sprayer

Res Component Assembly, clock 2000-01-02 22:50 -> 2000-01-02 22:50
------Component Assembly

------Final Assembly

+-------------------------------------------------------------------------------------------------------------------------+
| job                                                                                                                     |
+-------------------------------------------------------------------------------------------------------------------------+
| Node[125]{type:"Final Assembly",status:"Loading",latestEndTime:"2000-01-14 00:00",earliestStartTime:"2000-01-02 21:10"} |
+-------------------------------------------------------------------------------------------------------------------------+
1 row

Order SO-1-0-80 has Finished! Loaded

Res Final Assembly:start 2000-01-02 22:50, end 2000-01-03 00:05, job Final Assembly, order SO-1-0-80

[2000-01-03 00:05]
System Clock 2000-01-03 00:05

Res Metal Worker 1, clock 2000-01-03 00:05 -> 2000-01-03 00:05
------Metal Worker 1

Res Metal Worker 2, clock 2000-01-03 00:05 -> 2000-01-03 00:05
------Metal Worker 2

Res Welder 1, clock 2000-01-03 00:05 -> 2000-01-03 00:05
------Welder 1

Res Welder 2, clock 2000-01-03 00:05 -> 2000-01-03 00:05
------Welder 2

Res Paint Sprayer, clock 2000-01-03 00:05 -> 2000-01-03 00:05
------Paint Sprayer

Res Component Assembly, clock 2000-01-03 00:05 -> 2000-01-03 00:05
------Component Assembly

------Final Assembly

+--------------+
| ro.orderId   |
+--------------+
| "SO-3-0-81"  |
| "SO-1-0-80"  |
| "SO-9-0-83"  |
| "SO-10-0-82" |
+--------------+
4 rows

order = SO-9-2-97
job = Assemble
res = Component Assembly
st = 2000-01-01 00:00
et = 2000-01-01 04:10
order = SO-10-1-85
job = Cut Tubes
res = Metal Worker 1
st = 2000-01-01 00:00
et = 2000-01-01 05:00
order = SO-9-1-86
job = Cut Tubes
res = Metal Worker 2
st = 2000-01-01 00:00
et = 2000-01-01 06:15
order = SO-9-2-101
job = Shape Rim
res = Metal Worker 1
st = 2000-01-01 05:00
et = 2000-01-01 05:50
order = SO-10-2-100
job = Shape Rim
res = Metal Worker 1
st = 2000-01-01 05:50
et = 2000-01-01 06:50
order = SO-3-2-103
job = Shape Rim
res = Metal Worker 2
st = 2000-01-01 06:50
et = 2000-01-01 07:20
order = SO-10-2-96
job = Assemble
res = Component Assembly
st = 2000-01-01 06:50
et = 2000-01-01 11:50
order = SO-9-1-86
job = Weld
res = Welder 1
st = 2000-01-01 06:50
et = 2000-01-01 13:05
order = SO-10-1-85
job = Weld
res = Welder 2
st = 2000-01-01 06:50
et = 2000-01-01 16:50
order = SO-3-1-87
job = Cut Tubes
res = Metal Worker 1
st = 2000-01-01 06:50
et = 2000-01-01 16:50
order = SO-1-2-102
job = Shape Rim
res = Metal Worker 1
st = 2000-01-01 16:50
et = 2000-01-01 17:00
order = SO-1-1-84
job = Cut Tubes
res = Metal Worker 2
st = 2000-01-01 16:50
et = 2000-01-01 17:15
order = SO-9-1-92
job = Assemble
res = Component Assembly
st = 2000-01-01 16:50
et = 2000-01-01 18:55
order = SO-3-1-87
job = Weld
res = Welder 1
st = 2000-01-01 16:50
et = 2000-01-01 19:20
order = SO-9-1-86
job = Paint
res = Paint Sprayer
st = 2000-01-01 16:50
et = 2000-01-01 23:05
order = SO-1-1-84
job = Weld
res = Welder 1
st = 2000-01-01 19:20
et = 2000-01-01 19:45
order = SO-9-1-89
job = Assemble Wheel
res = Component Assembly
st = 2000-01-01 23:05
et = 2000-01-02 03:15
order = SO-10-1-85
job = Paint
res = Paint Sprayer
st = 2000-01-01 23:05
et = 2000-01-02 04:05
order = SO-10-1-93
job = Assemble
res = Component Assembly
st = 2000-01-02 04:05
et = 2000-01-02 05:45
order = SO-3-1-87
job = Paint
res = Paint Sprayer
st = 2000-01-02 04:05
et = 2000-01-02 07:50
order = SO-9-0-83
job = Final Assembly
res = Final Assembly
st = 2000-01-02 04:05
et = 2000-01-02 10:20
order = SO-1-1-84
job = Paint
res = Paint Sprayer
st = 2000-01-02 07:50
et = 2000-01-02 08:15
order = SO-10-1-88
job = Assemble Wheel
res = Component Assembly
st = 2000-01-02 07:50
et = 2000-01-02 12:50
order = SO-3-2-99
job = Assemble
res = Component Assembly
st = 2000-01-02 12:50
et = 2000-01-02 15:20
order = SO-10-0-82
job = Final Assembly
res = Final Assembly
st = 2000-01-02 12:50
et = 2000-01-02 17:50
order = SO-3-1-94
job = Assemble
res = Component Assembly
st = 2000-01-02 15:20
et = 2000-01-02 16:35
order = SO-3-1-91
job = Assemble Wheel
res = Component Assembly
st = 2000-01-02 16:35
et = 2000-01-02 19:05
order = SO-1-2-98
job = Assemble
res = Component Assembly
st = 2000-01-02 19:05
et = 2000-01-02 19:55
order = SO-3-0-81
job = Final Assembly
res = Final Assembly
st = 2000-01-02 19:05
et = 2000-01-02 22:50
order = SO-1-1-95
job = Assemble
res = Component Assembly
st = 2000-01-02 19:55
et = 2000-01-02 20:20
order = SO-1-1-90
job = Assemble Wheel
res = Component Assembly
st = 2000-01-02 20:20
et = 2000-01-02 21:10
order = SO-1-0-80
job = Final Assembly
res = Final Assembly
st = 2000-01-02 22:50
et = 2000-01-03 00:05
Database Shutdown!
